<?xml version="1.0" encoding="UTF-8"?>
<!-- Generated by org.testng.reporters.JUnitReportReporter -->
<testsuite skipped="0" hostname="DESKTOP-GEUNU3T" name="seleniumpractisedemo.Testsample" tests="1" failures="0" timestamp="26 Jun 2020 07:41:40 GMT" time="60.949" errors="0">
  <testcase name="startbrowser" time="60.949" classname="seleniumpractisedemo.Testsample"/>
</testsuite> <!-- seleniumpractisedemo.Testsample -->
